[Wed, 18 Feb 2015 09:03:08]: file suits_s4e11.mp4 saved with size 95065948[Thu, 19 Feb 2015 09:44:06]: file big_bang_theory_s8e11.mp4 saved with size 57091377[Thu, 19 Feb 2015 09:46:28]: file big_bang_theory_s8e11.mp4 saved with size 57091377[Thu, 19 Feb 2015 23:34:46]: Completed: {}[Thu, 19 Feb 2015 23:35:32]: {u'list': [u'suits_s4e12', u'suits_s4e13', u'gotham_s1e16', u'agent_carter_s1e6', u'agent_carter_s1e7', u'agent_carter_s1e4', u'agent_carter_s1e5', u'suits_s4e14', u'big_bang_theory_s8e12', u'big_bang_theory_s8e13', u'family_guy_s13e11', u'big_bang_theory_s8e14', u'arrow_s3e13', u'arrow_s3e14', u'modern_family_s6e14', u'game_of_thrones_s5e0', u'modern_family_s6e15']}[Thu, 19 Feb 2015 23:35:39]: https://www.dropbox.com/sh/ajkz9vonmbrjk26/AACJ6tyIpZv8ziCz6xKG5OXLa?dl=1[Fri, 20 Feb 2015 13:31:10]: Completed: {}[Fri, 20 Feb 2015 13:31:52]: {u'list': [u'suits_s4e12', u'suits_s4e13', u'gotham_s1e16', u'agent_carter_s1e6', u'agent_carter_s1e7', u'agent_carter_s1e4', u'agent_carter_s1e5', u'suits_s4e14', u'big_bang_theory_s8e12', u'big_bang_theory_s8e13', u'family_guy_s13e11', u'big_bang_theory_s8e14', u'arrow_s3e13', u'arrow_s3e14', u'modern_family_s6e14', u'game_of_thrones_s5e0', u'modern_family_s6e15']}[Fri, 20 Feb 2015 13:31:55]: https://www.dropbox.com/sh/ajkz9vonmbrjk26/AACJ6tyIpZv8ziCz6xKG5OXLa?dl=1[Fri, 20 Feb 2015 13:40:15]: Error occurred, trying again[Fri, 20 Feb 2015 13:40:15]: Completed: {u'suits_s4e12': False}[Fri, 20 Feb 2015 13:40:56]: {u'list': [u'suits_s4e12', u'suits_s4e13', u'gotham_s1e16', u'agent_carter_s1e6', u'agent_carter_s1e7', u'agent_carter_s1e4', u'agent_carter_s1e5', u'suits_s4e14', u'big_bang_theory_s8e12', u'big_bang_theory_s8e13', u'family_guy_s13e11', u'big_bang_theory_s8e14', u'arrow_s3e13', u'arrow_s3e14', u'modern_family_s6e14', u'game_of_thrones_s5e0', u'modern_family_s6e15']}[Fri, 20 Feb 2015 13:40:59]: https://www.dropbox.com/sh/ajkz9vonmbrjk26/AACJ6tyIpZv8ziCz6xKG5OXLa?dl=1[Fri, 20 Feb 2015 13:59:44]: Error occurred, trying again[Fri, 20 Feb 2015 13:59:44]: Completed: {u'suits_s4e12': False}[Fri, 20 Feb 2015 14:00:26]: {u'list': [u'suits_s4e12', u'suits_s4e13', u'gotham_s1e16', u'agent_carter_s1e6', u'agent_carter_s1e7', u'agent_carter_s1e4', u'agent_carter_s1e5', u'suits_s4e14', u'big_bang_theory_s8e12', u'big_bang_theory_s8e13', u'family_guy_s13e11', u'big_bang_theory_s8e14', u'arrow_s3e13', u'arrow_s3e14', u'modern_family_s6e14', u'game_of_thrones_s5e0', u'modern_family_s6e15']}[Fri, 20 Feb 2015 14:00:29]: https://www.dropbox.com/sh/ajkz9vonmbrjk26/AACJ6tyIpZv8ziCz6xKG5OXLa?dl=1[Fri, 20 Feb 2015 14:15:57]: Error occurred, trying again[Fri, 20 Feb 2015 14:15:57]: Completed: {u'suits_s4e12': False}[Fri, 20 Feb 2015 14:16:42]: {u'list': [u'suits_s4e12', u'suits_s4e13', u'gotham_s1e16', u'agent_carter_s1e6', u'agent_carter_s1e7', u'agent_carter_s1e4', u'agent_carter_s1e5', u'suits_s4e14', u'big_bang_theory_s8e12', u'big_bang_theory_s8e13', u'family_guy_s13e11', u'big_bang_theory_s8e14', u'arrow_s3e13', u'arrow_s3e14', u'modern_family_s6e14', u'game_of_thrones_s5e0', u'modern_family_s6e15']}[Fri, 20 Feb 2015 14:16:45]: https://www.dropbox.com/sh/ajkz9vonmbrjk26/AACJ6tyIpZv8ziCz6xKG5OXLa?dl=1[Fri, 20 Feb 2015 14:31:11]: Error occurred, trying again[Fri, 20 Feb 2015 14:31:11]: Completed: {u'suits_s4e12': False}[Fri, 20 Feb 2015 14:31:52]: {u'list': [u'suits_s4e12', u'suits_s4e13', u'gotham_s1e16', u'agent_carter_s1e6', u'agent_carter_s1e7', u'agent_carter_s1e4', u'agent_carter_s1e5', u'suits_s4e14', u'big_bang_theory_s8e12', u'big_bang_theory_s8e13', u'family_guy_s13e11', u'big_bang_theory_s8e14', u'arrow_s3e13', u'arrow_s3e14', u'modern_family_s6e14', u'game_of_thrones_s5e0', u'modern_family_s6e15']}[Fri, 20 Feb 2015 14:31:56]: https://www.dropbox.com/sh/ajkz9vonmbrjk26/AACJ6tyIpZv8ziCz6xKG5OXLa?dl=1[Fri, 20 Feb 2015 14:40:58]: Completed: {}[Fri, 20 Feb 2015 14:41:26]: Completed: {}[Fri, 20 Feb 2015 14:42:22]: {u'list': [u'suits_s4e12', u'suits_s4e13', u'gotham_s1e16', u'agent_carter_s1e6', u'agent_carter_s1e7', u'agent_carter_s1e4', u'agent_carter_s1e5', u'suits_s4e14', u'big_bang_theory_s8e12', u'big_bang_theory_s8e13', u'family_guy_s13e11', u'big_bang_theory_s8e14', u'arrow_s3e13', u'arrow_s3e14', u'modern_family_s6e14', u'game_of_thrones_s5e0', u'modern_family_s6e15']}[Fri, 20 Feb 2015 14:42:30]: https://www.dropbox.com/sh/ajkz9vonmbrjk26/AACJ6tyIpZv8ziCz6xKG5OXLa?dl=1[Fri, 20 Feb 2015 15:03:45]: file suits_s4e12.mp4 saved with size 97734930[Fri, 20 Feb 2015 15:03:46]: Deleting the remote folder[Fri, 20 Feb 2015 15:03:54]: Deleted suits_s4e12 from Dropbox[Fri, 20 Feb 2015 15:03:58]: https://www.dropbox.com/sh/3ca3x3js18y5qqm/AABWGc3P20WQj7tIRYb9y4dKa?dl=1[Fri, 20 Feb 2015 15:25:25]: file suits_s4e13.mp4 saved with size 105768495[Fri, 20 Feb 2015 15:25:28]: Deleting the remote folder[Fri, 20 Feb 2015 15:25:30]: 
<html><head>
<meta http-equiv="content-type" content="text/html;charset=utf-8">
<title>500 Server Error</title>
</head>
<body text=#000000 bgcolor=#ffffff>
<h1>Error: Server Error</h1>
<h2>The server encountered an error and could not complete your request.<p>Please try again in 30 seconds.</h2>
<h2></h2>
</body></html>
[Fri, 20 Feb 2015 15:25:33]: https://www.dropbox.com/sh/xqt7wgql452mctu/AABJzjKlWjn5lFnRv50wgdxba?dl=1[Fri, 20 Feb 2015 15:45:42]: file gotham_s1e16.mp4 saved with size 89936006[Fri, 20 Feb 2015 15:45:44]: Deleting the remote folder[Fri, 20 Feb 2015 15:45:48]: Deleted gotham_s1e16 from Dropbox[Fri, 20 Feb 2015 15:45:52]: https://www.dropbox.com/sh/g8losso5xc2j1v5/AADNxvvX8WTPKGQx7aCxyLOfa?dl=1[Fri, 20 Feb 2015 16:00:34]: file agent_carter_s1e6.mp4 saved with size 81678274[Fri, 20 Feb 2015 16:00:36]: Deleting the remote folder[Fri, 20 Feb 2015 16:00:40]: Deleted agent_carter_s1e6 from Dropbox[Fri, 20 Feb 2015 16:00:43]: https://www.dropbox.com/sh/jonktxece3neuf8/AABBiTAfdO0KSe8RKeNPA8ZLa?dl=1[Fri, 20 Feb 2015 16:07:20]: Completed: {}[Fri, 20 Feb 2015 16:07:22]: Error occurred, trying again[Fri, 20 Feb 2015 16:07:22]: 

********************[Fri, 20 Feb 2015 16:07:22]: 
Process finished, exiting....
[Fri, 20 Feb 2015 16:07:22]: ********************

[Fri, 20 Feb 2015 16:07:24]: Completed: {}[Fri, 20 Feb 2015 16:07:56]: {u'list': [u'suits_s4e14', u'big_bang_theory_s8e14', u'agent_carter_s1e7', u'agent_carter_s1e4', u'agent_carter_s1e5', u'big_bang_theory_s8e12', u'big_bang_theory_s8e13', u'family_guy_s13e11', u'modern_family_s6e15', u'arrow_s3e13', u'arrow_s3e14', u'modern_family_s6e14', u'game_of_thrones_s5e0']}[Fri, 20 Feb 2015 16:08:00]: https://www.dropbox.com/sh/eavpeul64iahihr/AADcTpUJo5KfPutY-_Me0IEOa?dl=1[Fri, 20 Feb 2015 16:19:23]: file suits_s4e14.mp4 saved with size 95778280[Fri, 20 Feb 2015 16:19:26]: Deleting the remote folder[Fri, 20 Feb 2015 16:19:30]: Deleted suits_s4e14 from Dropbox[Fri, 20 Feb 2015 16:19:30]: Error occurred while deleting so trying again.[Fri, 20 Feb 2015 16:19:34]: Deleted suits_s4e14 from Dropbox[Fri, 20 Feb 2015 16:19:38]: https://www.dropbox.com/sh/b9yeube3u3hjhtr/AACZkzAKRJ1mXmZ_XRCKw8OBa?dl=1[Fri, 20 Feb 2015 16:39:07]: file big_bang_theory_s8e14.mp4 saved with size 58570690[Fri, 20 Feb 2015 16:39:09]: Deleting the remote folder[Fri, 20 Feb 2015 16:39:13]: Deleted big_bang_theory_s8e14 from Dropbox[Fri, 20 Feb 2015 16:39:13]: Error occurred while deleting so trying again.[Fri, 20 Feb 2015 16:39:15]: 
<html><head>
<meta http-equiv="content-type" content="text/html;charset=utf-8">
<title>500 Server Error</title>
</head>
<body text=#000000 bgcolor=#ffffff>
<h1>Error: Server Error</h1>
<h2>The server encountered an error and could not complete your request.<p>Please try again in 30 seconds.</h2>
<h2></h2>
</body></html>
[Fri, 20 Feb 2015 16:39:22]: Error occurred, trying again[Fri, 20 Feb 2015 16:39:22]: Completed: {u'big_bang_theory_s8e14': True, u'suits_s4e14': True, u'agent_carter_s1e7': False}[Fri, 20 Feb 2015 16:39:23]: Error occurred, trying again[Fri, 20 Feb 2015 16:39:23]: Completed: {u'big_bang_theory_s8e14': True, u'suits_s4e14': True, u'agent_carter_s1e7': False}[Fri, 20 Feb 2015 16:39:51]: {u'list': [u'modern_family_s6e15', u'agent_carter_s1e7', u'agent_carter_s1e4', u'agent_carter_s1e5', u'big_bang_theory_s8e12', u'big_bang_theory_s8e13', u'family_guy_s13e11', u'arrow_s3e13', u'arrow_s3e14', u'modern_family_s6e14', u'game_of_thrones_s5e0']}[Fri, 20 Feb 2015 16:39:55]: https://www.dropbox.com/sh/0qb2y2x6jykj9hf/AADCReWkwVSKSnaYAcFfqOmpa?dl=1[Fri, 20 Feb 2015 16:57:24]: file modern_family_s6e15.mp4 saved with size 60685559[Fri, 20 Feb 2015 16:57:25]: Deleting the remote folder[Fri, 20 Feb 2015 16:57:29]: Deleted modern_family_s6e15 from Dropbox[Fri, 20 Feb 2015 16:57:29]: Error occurred while deleting so trying again.[Fri, 20 Feb 2015 16:57:32]: Deleted modern_family_s6e15 from Dropbox[Fri, 20 Feb 2015 16:57:35]: https://www.dropbox.com/sh/jonktxece3neuf8/AABBiTAfdO0KSe8RKeNPA8ZLa?dl=1[Fri, 20 Feb 2015 16:58:11]: Completed: {}[Fri, 20 Feb 2015 16:58:35]: {u'list': [u'agent_carter_s1e7', u'agent_carter_s1e4', u'agent_carter_s1e5', u'big_bang_theory_s8e12', u'big_bang_theory_s8e13', u'family_guy_s13e11', u'arrow_s3e13', u'arrow_s3e14', u'modern_family_s6e14', u'game_of_thrones_s5e0']}[Fri, 20 Feb 2015 16:58:38]: https://www.dropbox.com/sh/jonktxece3neuf8/AABBiTAfdO0KSe8RKeNPA8ZLa?dl=1[Fri, 20 Feb 2015 17:22:19]: file agent_carter_s1e7.mp4 saved with size 74346022[Fri, 20 Feb 2015 17:22:21]: Deleting the remote folder[Fri, 20 Feb 2015 17:22:30]: Deleted agent_carter_s1e7 from Dropbox[Fri, 20 Feb 2015 17:22:33]: https://www.dropbox.com/sh/rx5yytl47quu512/AACfNT8DISKfm9cF-bTD2eXia?dl=1[Fri, 20 Feb 2015 17:37:59]: file agent_carter_s1e4.mp4 saved with size 70750803[Fri, 20 Feb 2015 17:38:00]: Deleting the remote folder[Fri, 20 Feb 2015 17:38:04]: Deleted agent_carter_s1e4 from Dropbox[Fri, 20 Feb 2015 17:38:08]: https://www.dropbox.com/sh/g34tpdncpbksjef/AABkzJnzaMcdsSRr543dbtL6a?dl=1[Fri, 20 Feb 2015 17:55:50]: file agent_carter_s1e5.mp4 saved with size 75907738[Fri, 20 Feb 2015 17:55:51]: Deleting the remote folder[Fri, 20 Feb 2015 17:55:54]: Deleted agent_carter_s1e5 from Dropbox[Fri, 20 Feb 2015 17:55:58]: https://www.dropbox.com/sh/kzx83i8ipi4pnx4/AAAklIPNvxObbgReEA8yI065a?dl=1[Fri, 20 Feb 2015 18:00:44]: file big_bang_theory_s8e12.mp4 saved with size 54225863[Fri, 20 Feb 2015 18:00:45]: Deleting the remote folder[Fri, 20 Feb 2015 18:00:49]: Deleted big_bang_theory_s8e12 from Dropbox[Fri, 20 Feb 2015 18:00:52]: https://www.dropbox.com/sh/qii5vq8ixicpj8j/AACqSrw6JLdqLrI750nT2yq3a?dl=1[Fri, 20 Feb 2015 18:04:45]: file big_bang_theory_s8e13.mp4 saved with size 53715430[Fri, 20 Feb 2015 18:04:46]: Deleting the remote folder[Fri, 20 Feb 2015 18:04:48]: 
<html><head>
<meta http-equiv="content-type" content="text/html;charset=utf-8">
<title>500 Server Error</title>
</head>
<body text=#000000 bgcolor=#ffffff>
<h1>Error: Server Error</h1>
<h2>The server encountered an error and could not complete your request.<p>Please try again in 30 seconds.</h2>
<h2></h2>
</body></html>
[Fri, 20 Feb 2015 18:04:48]: Error occurred while deleting so trying again.[Fri, 20 Feb 2015 18:04:52]: Deleted big_bang_theory_s8e13 from Dropbox[Fri, 20 Feb 2015 18:04:54]: https://www.dropbox.com/sh/kv0wgxkmq29ndtw/AAD2jObWAJkCsW9N031bbOxaa?dl=1[Fri, 20 Feb 2015 18:22:17]: file family_guy_s13e11.mp4 saved with size 50696284[Fri, 20 Feb 2015 18:22:19]: Deleting the remote folder[Fri, 20 Feb 2015 18:22:22]: Deleted family_guy_s13e11 from Dropbox[Fri, 20 Feb 2015 18:22:26]: https://www.dropbox.com/sh/fawhlu2f4x7qi6i/AACVpTI9iParddNOCGwuHGCIa?dl=1[Fri, 20 Feb 2015 19:05:50]: file arrow_s3e13.mp4 saved with size 96828273[Fri, 20 Feb 2015 19:05:52]: Deleting the remote folder[Fri, 20 Feb 2015 19:05:57]: Deleted arrow_s3e13 from Dropbox[Fri, 20 Feb 2015 19:06:01]: https://www.dropbox.com/sh/8g937zlu1fi1an1/AACCOF2La-F_xXzi30qkw6x8a?dl=1[Fri, 20 Feb 2015 19:40:19]: Error occurred, trying again[Fri, 20 Feb 2015 19:40:19]: Completed: {u'agent_carter_s1e7': True, u'agent_carter_s1e4': True, u'agent_carter_s1e5': True, u'big_bang_theory_s8e12': True, u'big_bang_theory_s8e13': True, u'family_guy_s13e11': True, u'arrow_s3e13': True, u'arrow_s3e14': False}[Fri, 20 Feb 2015 19:40:48]: {u'list': [u'big_bang_theory_s8e15', u'game_of_thrones_s5e0', u'arrow_s3e14', u'modern_family_s6e14']}[Fri, 20 Feb 2015 19:40:52]: https://www.dropbox.com/sh/j55e8cc7s54bjiy/AADu0oysir2A94BQ-EQ68Rg5a?dl=1[Fri, 20 Feb 2015 19:45:05]: file big_bang_theory_s8e15.mp4 saved with size 58189414[Fri, 20 Feb 2015 19:45:05]: Deleting the remote folder[Fri, 20 Feb 2015 19:45:09]: Deleted big_bang_theory_s8e15 from Dropbox[Fri, 20 Feb 2015 19:45:12]: https://www.dropbox.com/sh/qi99if5rzba4c2s/AACRh3ch2gKAXFO8glJv8LB7a?dl=1[Fri, 20 Feb 2015 19:50:37]: file game_of_thrones_s5e0.mp4 saved with size 79693421[Fri, 20 Feb 2015 19:50:37]: Deleting the remote folder[Fri, 20 Feb 2015 19:50:38]: 
<html><head>
<meta http-equiv="content-type" content="text/html;charset=utf-8">
<title>500 Server Error</title>
</head>
<body text=#000000 bgcolor=#ffffff>
<h1>Error: Server Error</h1>
<h2>The server encountered an error and could not complete your request.<p>Please try again in 30 seconds.</h2>
<h2></h2>
</body></html>
[Fri, 20 Feb 2015 19:50:38]: Error occurred while deleting so trying again.[Fri, 20 Feb 2015 19:50:42]: Deleted game_of_thrones_s5e0 from Dropbox[Fri, 20 Feb 2015 19:50:44]: Error occurred, trying again[Fri, 20 Feb 2015 19:50:44]: Completed: {u'agent_carter_s1e7': True, u'agent_carter_s1e4': True, u'agent_carter_s1e5': True, u'big_bang_theory_s8e12': True, u'big_bang_theory_s8e13': True, u'family_guy_s13e11': True, u'arrow_s3e13': True, u'arrow_s3e14': False, u'big_bang_theory_s8e15': True, u'game_of_thrones_s5e0': True}[Fri, 20 Feb 2015 19:50:53]: {u'list': [u'modern_family_s6e14', u'arrow_s3e14']}[Fri, 20 Feb 2015 19:50:56]: https://www.dropbox.com/sh/r93w7c8huuz2cez/AADauerw8Nl9QL3ezZKLMMFaa?dl=1[Fri, 20 Feb 2015 19:55:01]: file modern_family_s6e14.mp4 saved with size 52198421[Fri, 20 Feb 2015 19:55:01]: Deleting the remote folder[Fri, 20 Feb 2015 19:55:05]: Deleted modern_family_s6e14 from Dropbox[Fri, 20 Feb 2015 19:55:09]: https://www.dropbox.com/sh/8g937zlu1fi1an1/AACCOF2La-F_xXzi30qkw6x8a?dl=1[Fri, 20 Feb 2015 20:04:41]: file arrow_s3e14.mp4 saved with size 91499510[Fri, 20 Feb 2015 20:04:41]: Deleting the remote folder[Fri, 20 Feb 2015 20:04:43]: 
<html><head>
<meta http-equiv="content-type" content="text/html;charset=utf-8">
<title>500 Server Error</title>
</head>
<body text=#000000 bgcolor=#ffffff>
<h1>Error: Server Error</h1>
<h2>The server encountered an error and could not complete your request.<p>Please try again in 30 seconds.</h2>
<h2></h2>
</body></html>
[Fri, 20 Feb 2015 20:04:43]: Error occurred while deleting so trying again.[Fri, 20 Feb 2015 20:04:47]: Deleted arrow_s3e14 from Dropbox[Fri, 20 Feb 2015 20:04:47]: 

********************[Fri, 20 Feb 2015 20:04:47]: 
Process finished, exiting....
[Fri, 20 Feb 2015 20:04:47]: ********************

[Tue, 24 Feb 2015 10:15:48]: Completed: {}[Tue, 24 Feb 2015 10:16:04]: {u'list': [u'gotham_s1e17', u'better_call_saul_s1e0', u'better_call_saul_s1e1', u'better_call_saul_s1e2', u'better_call_saul_s1e3']}[Tue, 24 Feb 2015 10:16:08]: https://www.dropbox.com/sh/vrgn0flpdn158hb/AACFGAsyIN21AhQGY7mCgblNa?dl=1[Tue, 24 Feb 2015 10:19:29]: file gotham_s1e17.mp4 saved with size 100178890[Tue, 24 Feb 2015 10:19:34]: Deleting the remote folder[Tue, 24 Feb 2015 10:19:41]: Deleted gotham_s1e17 from Dropbox[Tue, 24 Feb 2015 10:19:44]: https://www.dropbox.com/sh/t621jt62redoxls/AADg6zaZdxFRTQn6ojg1n-M4a?dl=1[Tue, 24 Feb 2015 10:22:37]: file better_call_saul_s1e0.mp4 saved with size 15965208[Tue, 24 Feb 2015 10:22:37]: Deleting the remote folder[Tue, 24 Feb 2015 10:22:40]: Deleted better_call_saul_s1e0 from Dropbox[Tue, 24 Feb 2015 10:22:43]: https://www.dropbox.com/sh/ogujbwlmyuooa8w/AAAyBOclMQe2iLmdoq9mHR1Ca?dl=1[Tue, 24 Feb 2015 10:28:45]: file better_call_saul_s1e1.mp4 saved with size 118265038[Tue, 24 Feb 2015 10:28:47]: Deleting the remote folder[Tue, 24 Feb 2015 10:28:50]: Deleted better_call_saul_s1e1 from Dropbox[Tue, 24 Feb 2015 10:28:54]: https://www.dropbox.com/sh/17ksfa5n7rv0on6/AAAFC-kjGdQKxb2dQE6ZxotHa?dl=1[Tue, 24 Feb 2015 10:37:26]: file better_call_saul_s1e2.mp4 saved with size 114500751[Tue, 24 Feb 2015 10:37:29]: Deleting the remote folder[Tue, 24 Feb 2015 10:37:32]: Deleted better_call_saul_s1e2 from Dropbox[Tue, 24 Feb 2015 10:37:35]: https://www.dropbox.com/sh/nl0znfsvjf9zekk/AACfIJvS9eR-rahZOm7pqpmha?dl=1[Tue, 24 Feb 2015 10:43:57]: file better_call_saul_s1e3.mp4 saved with size 101185240[Tue, 24 Feb 2015 10:44:00]: Deleting the remote folder[Tue, 24 Feb 2015 10:44:03]: Deleted better_call_saul_s1e3 from Dropbox[Tue, 24 Feb 2015 10:44:03]: 

********************[Tue, 24 Feb 2015 10:44:03]: 
Process finished, exiting....
[Tue, 24 Feb 2015 10:44:04]: ********************

[Wed, 25 Feb 2015 11:08:58]: Completed: {}[Wed, 25 Feb 2015 11:09:04]: {u'list': [u'better_call_saul_s1e4']}[Wed, 25 Feb 2015 11:09:08]: https://www.dropbox.com/sh/4ep0s2xmndkk43q/AABMUK367wle22B427AhlTPPa?dl=1[Wed, 25 Feb 2015 11:14:47]: file better_call_saul_s1e4.mp4 saved with size 101520051[Wed, 25 Feb 2015 11:14:49]: Deleting the remote folder[Wed, 25 Feb 2015 11:14:55]: Deleted better_call_saul_s1e4 from Dropbox[Wed, 25 Feb 2015 11:14:55]: 

********************[Wed, 25 Feb 2015 11:14:55]: 
Process finished, exiting....
[Wed, 25 Feb 2015 11:14:55]: ********************

[Wed, 25 Feb 2015 12:00:02]: Completed: {}[Wed, 25 Feb 2015 12:00:07]: {u'list': [u'agent_carter_s1e8']}[Wed, 25 Feb 2015 12:00:10]: https://www.dropbox.com/sh/gu1vvpmrjkgp37m/AAATLS25HhW-vu7n8yOy3zGea?dl=1[Wed, 25 Feb 2015 12:06:21]: file agent_carter_s1e8.mp4 saved with size 77406956[Wed, 25 Feb 2015 12:06:23]: Deleting the remote folder[Wed, 25 Feb 2015 12:06:27]: Deleted agent_carter_s1e8 from Dropbox[Wed, 25 Feb 2015 12:06:28]: 

********************[Wed, 25 Feb 2015 12:06:28]: 
Process finished, exiting....
[Wed, 25 Feb 2015 12:06:28]: ********************

[Wed, 25 Feb 2015 16:47:38]: Completed: {}[Wed, 25 Feb 2015 16:47:42]: {u'list': []}[Wed, 25 Feb 2015 16:47:43]: 

********************[Wed, 25 Feb 2015 16:47:43]: 
Process finished, exiting....
[Wed, 25 Feb 2015 16:47:43]: ********************

[Thu, 26 Feb 2015 10:58:22]: Completed: {}[Thu, 26 Feb 2015 10:58:32]: {u'list': [u'suits_s4e15', u'modern_family_s6e16', u'arrow_s3e15']}[Thu, 26 Feb 2015 10:58:36]: https://www.dropbox.com/sh/4gi5z87jtg7o9eo/AABKGMwUKTfPL2WFvyIen-pla?dl=1[Thu, 26 Feb 2015 11:10:18]: Completed: {}[Thu, 26 Feb 2015 11:10:28]: {u'list': [u'suits_s4e15', u'modern_family_s6e16', u'arrow_s3e15']}[Thu, 26 Feb 2015 11:10:31]: https://www.dropbox.com/sh/4gi5z87jtg7o9eo/AABKGMwUKTfPL2WFvyIen-pla?dl=1[Thu, 26 Feb 2015 11:25:26]: file suits_s4e15.mp4 saved with size 91980824[Thu, 26 Feb 2015 11:25:26]: Deleting the remote folder[Thu, 26 Feb 2015 11:25:29]: Deleted suits_s4e15 from Dropbox[Thu, 26 Feb 2015 11:25:33]: https://www.dropbox.com/sh/7jiq3mbk8djo0e2/AAB6T3gxw1_6qsrknsMa0YqHa?dl=1[Thu, 26 Feb 2015 11:29:25]: file modern_family_s6e16.mp4 saved with size 57560847[Thu, 26 Feb 2015 11:29:25]: Deleting the remote folder[Thu, 26 Feb 2015 11:29:29]: Deleted modern_family_s6e16 from Dropbox[Thu, 26 Feb 2015 11:29:32]: https://www.dropbox.com/sh/3sfjwfhuv6k0llu/AAAtDMi4WEqAMn43YVuOoC3Ha?dl=1[Thu, 26 Feb 2015 11:40:21]: file arrow_s3e15.mp4 saved with size 86129547[Thu, 26 Feb 2015 11:40:22]: Deleting the remote folder[Thu, 26 Feb 2015 11:40:23]: 
<html><head>
<meta http-equiv="content-type" content="text/html;charset=utf-8">
<title>500 Server Error</title>
</head>
<body text=#000000 bgcolor=#ffffff>
<h1>Error: Server Error</h1>
<h2>The server encountered an error and could not complete your request.<p>Please try again in 30 seconds.</h2>
<h2></h2>
</body></html>
[Thu, 26 Feb 2015 11:40:23]: Error occurred while deleting so trying again.[Thu, 26 Feb 2015 11:40:25]: 
<html><head>
<meta http-equiv="content-type" content="text/html;charset=utf-8">
<title>500 Server Error</title>
</head>
<body text=#000000 bgcolor=#ffffff>
<h1>Error: Server Error</h1>
<h2>The server encountered an error and could not complete your request.<p>Please try again in 30 seconds.</h2>
<h2></h2>
</body></html>
[Thu, 26 Feb 2015 11:40:25]: 

********************[Thu, 26 Feb 2015 11:40:25]: 
Process finished, exiting....
[Thu, 26 Feb 2015 11:40:25]: ********************

[Thu, 26 Feb 2015 11:53:10]: Completed: {}[Thu, 26 Feb 2015 11:53:17]: {u'list': [u'arrow_s3e15']}[Thu, 26 Feb 2015 11:53:19]: https://www.dropbox.com/sh/3sfjwfhuv6k0llu/AAAtDMi4WEqAMn43YVuOoC3Ha?dl=1[Thu, 26 Feb 2015 12:00:24]: file arrow_s3e15.mp4 saved with size 86129547[Thu, 26 Feb 2015 12:00:25]: Deleting the remote folder[Thu, 26 Feb 2015 12:00:30]: Deleted arrow_s3e15 from Dropbox[Thu, 26 Feb 2015 12:00:30]: 

********************[Thu, 26 Feb 2015 12:00:30]: 
Process finished, exiting....
[Thu, 26 Feb 2015 12:00:30]: ********************

[Thu, 26 Feb 2015 19:26:51]: Completed: {}[Thu, 26 Feb 2015 19:26:55]: {u'list': []}[Thu, 26 Feb 2015 19:26:55]: 

********************[Thu, 26 Feb 2015 19:26:55]: 
Process finished, exiting....
[Thu, 26 Feb 2015 19:26:55]: ********************

[Fri, 27 Feb 2015 12:26:13]: Completed: {}[Fri, 27 Feb 2015 12:26:14]: Error occurred, trying again[Fri, 27 Feb 2015 12:26:15]: 

********************[Fri, 27 Feb 2015 12:26:15]: 
Process finished, exiting....
[Fri, 27 Feb 2015 12:26:15]: ********************

[Fri, 27 Feb 2015 13:02:21]: Completed: {}[Fri, 27 Feb 2015 13:02:23]: Error occurred, trying again[Fri, 27 Feb 2015 13:02:23]: 

********************[Fri, 27 Feb 2015 13:02:23]: 
Process finished, exiting....
[Fri, 27 Feb 2015 13:02:23]: ********************

[Fri, 27 Feb 2015 13:30:36]: Completed: {}[Fri, 27 Feb 2015 13:30:37]: Error occurred, trying again[Fri, 27 Feb 2015 13:30:37]: 

********************[Fri, 27 Feb 2015 13:30:37]: 
Process finished, exiting....
[Fri, 27 Feb 2015 13:30:37]: ********************

[Fri, 27 Feb 2015 13:30:39]: Completed: {}[Fri, 27 Feb 2015 13:30:40]: Error occurred, trying again[Fri, 27 Feb 2015 13:30:40]: 

********************[Fri, 27 Feb 2015 13:30:40]: 
Process finished, exiting....
[Fri, 27 Feb 2015 13:30:40]: ********************

[Fri, 27 Feb 2015 16:39:13]: Completed: {}[Fri, 27 Feb 2015 16:39:14]: Error occurred, trying again[Fri, 27 Feb 2015 16:39:14]: 

********************[Fri, 27 Feb 2015 16:39:14]: 
Process finished, exiting....
[Fri, 27 Feb 2015 16:39:14]: ********************

[Mon, 02 Mar 2015 11:58:32]: Completed: {}[Mon, 02 Mar 2015 11:58:33]: Error occurred, trying again[Mon, 02 Mar 2015 11:58:33]: 

********************[Mon, 02 Mar 2015 11:58:33]: 
Process finished, exiting....
[Mon, 02 Mar 2015 11:58:33]: ********************

[Mon, 02 Mar 2015 11:58:36]: Completed: {}[Mon, 02 Mar 2015 11:58:37]: Error occurred, trying again[Mon, 02 Mar 2015 11:58:37]: 

********************[Mon, 02 Mar 2015 11:58:37]: 
Process finished, exiting....
[Mon, 02 Mar 2015 11:58:37]: ********************

[Mon, 02 Mar 2015 11:58:40]: Completed: {}[Mon, 02 Mar 2015 11:58:41]: Error occurred, trying again[Mon, 02 Mar 2015 11:58:41]: 

********************[Mon, 02 Mar 2015 11:58:41]: 
Process finished, exiting....
[Mon, 02 Mar 2015 11:58:41]: ********************

[Tue, 03 Mar 2015 19:21:45]: Completed: {}[Tue, 03 Mar 2015 19:21:48]: Error occurred, trying again[Tue, 03 Mar 2015 19:21:48]: 

********************[Tue, 03 Mar 2015 19:21:48]: 
Process finished, exiting....
[Tue, 03 Mar 2015 19:21:48]: ********************

[Tue, 03 Mar 2015 19:21:52]: Completed: {}[Tue, 03 Mar 2015 19:21:55]: Error occurred, trying again[Tue, 03 Mar 2015 19:21:55]: 

********************[Tue, 03 Mar 2015 19:21:55]: 
Process finished, exiting....
[Tue, 03 Mar 2015 19:21:55]: ********************

[Thu, 05 Mar 2015 00:04:25]: file some_vid.flv saved with size 14667647[Thu, 05 Mar 2015 00:08:31]: Completed: {}[Thu, 05 Mar 2015 00:08:36]: Error occurred, trying again[Thu, 05 Mar 2015 00:08:36]: 

********************[Thu, 05 Mar 2015 00:08:36]: 
Process finished, exiting....
[Thu, 05 Mar 2015 00:08:36]: ********************

[Thu, 05 Mar 2015 00:08:37]: Completed: {}[Thu, 05 Mar 2015 00:08:38]: Error occurred, trying again[Thu, 05 Mar 2015 00:08:38]: 

********************[Thu, 05 Mar 2015 00:08:38]: 
Process finished, exiting....
[Thu, 05 Mar 2015 00:08:38]: ********************

[Thu, 05 Mar 2015 00:08:40]: Completed: {}[Thu, 05 Mar 2015 00:08:45]: Error occurred, trying again[Thu, 05 Mar 2015 00:08:45]: 

********************[Thu, 05 Mar 2015 00:08:45]: 
Process finished, exiting....
[Thu, 05 Mar 2015 00:08:45]: ********************

[Thu, 05 Mar 2015 00:08:48]: Completed: {}[Thu, 05 Mar 2015 00:08:58]: {u'list': [u'big_bang_theory_s8e16', u'50_shades_of_grey']}[Thu, 05 Mar 2015 00:09:02]: Error occurred, trying again[Thu, 05 Mar 2015 00:09:02]: Completed: {u'big_bang_theory_s8e16': False}[Thu, 05 Mar 2015 00:09:03]: Error occurred, trying again[Thu, 05 Mar 2015 00:09:03]: Completed: {u'big_bang_theory_s8e16': False}[Thu, 05 Mar 2015 00:09:04]: Error occurred, trying again[Thu, 05 Mar 2015 00:09:04]: Completed: {u'big_bang_theory_s8e16': False}[Thu, 05 Mar 2015 00:09:07]: Error occurred, trying again[Thu, 05 Mar 2015 00:09:07]: Completed: {u'big_bang_theory_s8e16': False}[Thu, 05 Mar 2015 00:09:14]: Error occurred, trying again[Thu, 05 Mar 2015 00:09:14]: Completed: {u'big_bang_theory_s8e16': False}[Thu, 05 Mar 2015 00:09:19]: Error occurred, trying again[Thu, 05 Mar 2015 00:09:19]: Completed: {u'big_bang_theory_s8e16': False}[Thu, 05 Mar 2015 00:09:20]: Error occurred, trying again[Thu, 05 Mar 2015 00:09:20]: Completed: {u'big_bang_theory_s8e16': False}[Thu, 05 Mar 2015 00:09:21]: Error occurred, trying again[Thu, 05 Mar 2015 00:09:21]: Completed: {u'big_bang_theory_s8e16': False}[Thu, 05 Mar 2015 00:09:23]: Completed: {}[Thu, 05 Mar 2015 00:09:30]: Error occurred, trying again[Thu, 05 Mar 2015 00:09:30]: 

********************[Thu, 05 Mar 2015 00:09:30]: 
Process finished, exiting....
[Thu, 05 Mar 2015 00:09:30]: ********************

[Thu, 05 Mar 2015 00:09:34]: Completed: {}[Thu, 05 Mar 2015 00:09:39]: Error occurred, trying again[Thu, 05 Mar 2015 00:09:39]: 

********************[Thu, 05 Mar 2015 00:09:39]: 
Process finished, exiting....
[Thu, 05 Mar 2015 00:09:39]: ********************

[Thu, 05 Mar 2015 00:09:41]: Completed: {}[Thu, 05 Mar 2015 00:09:50]: Error occurred, trying again[Thu, 05 Mar 2015 00:09:50]: 

********************[Thu, 05 Mar 2015 00:09:50]: 
Process finished, exiting....
[Thu, 05 Mar 2015 00:09:50]: ********************

[Thu, 05 Mar 2015 00:09:52]: Completed: {}[Thu, 05 Mar 2015 00:09:53]: Error occurred, trying again[Thu, 05 Mar 2015 00:09:53]: 

********************[Thu, 05 Mar 2015 00:09:53]: 
Process finished, exiting....
[Thu, 05 Mar 2015 00:09:53]: ********************

[Thu, 05 Mar 2015 00:09:59]: Completed: {}[Thu, 05 Mar 2015 00:10:04]: Error occurred, trying again[Thu, 05 Mar 2015 00:10:04]: 

********************[Thu, 05 Mar 2015 00:10:04]: 
Process finished, exiting....
[Thu, 05 Mar 2015 00:10:04]: ********************

[Thu, 05 Mar 2015 00:10:06]: Completed: {}[Thu, 05 Mar 2015 00:10:14]: Error occurred, trying again[Thu, 05 Mar 2015 00:10:14]: 

********************[Thu, 05 Mar 2015 00:10:14]: 
Process finished, exiting....
[Thu, 05 Mar 2015 00:10:14]: ********************

[Thu, 05 Mar 2015 00:10:15]: Completed: {}[Thu, 05 Mar 2015 00:10:27]: {u'list': [u'big_bang_theory_s8e16', u'50_shades_of_grey']}[Thu, 05 Mar 2015 00:10:38]: https://www.dropbox.com/sh/vf4zhvibxmcwqg7/AABZBzbsx6POh5ffjir9AvRYa?dl=1[Thu, 05 Mar 2015 07:30:21]: Completed: {}[Thu, 05 Mar 2015 07:30:22]: Error occurred, trying again[Thu, 05 Mar 2015 07:30:22]: 

********************[Thu, 05 Mar 2015 07:30:22]: 
Process finished, exiting....
[Thu, 05 Mar 2015 07:30:22]: ********************

[Thu, 05 Mar 2015 07:33:48]: file 50_shades_of_grey.mp4 saved with size 0[Thu, 05 Mar 2015 12:04:06]: Completed: {}[Thu, 05 Mar 2015 12:04:15]: Error occurred, trying again[Thu, 05 Mar 2015 12:04:15]: 

********************[Thu, 05 Mar 2015 12:04:15]: 
Process finished, exiting....
[Thu, 05 Mar 2015 12:04:15]: ********************

[Thu, 05 Mar 2015 12:04:18]: Completed: {}[Thu, 05 Mar 2015 12:04:19]: Error occurred, trying again[Thu, 05 Mar 2015 12:04:19]: 

********************[Thu, 05 Mar 2015 12:04:19]: 
Process finished, exiting....
[Thu, 05 Mar 2015 12:04:19]: ********************

[Thu, 05 Mar 2015 12:04:21]: Completed: {}[Thu, 05 Mar 2015 12:04:24]: Error occurred, trying again[Thu, 05 Mar 2015 12:04:24]: 

********************[Thu, 05 Mar 2015 12:04:24]: 
Process finished, exiting....
[Thu, 05 Mar 2015 12:04:24]: ********************

[Thu, 05 Mar 2015 12:04:25]: Completed: {}[Thu, 05 Mar 2015 12:04:33]: {u'list': [u'big_bang_theory_s8e16', u'50_shades_of_grey']}[Thu, 05 Mar 2015 12:04:35]: Error occurred, trying again[Thu, 05 Mar 2015 12:04:35]: Completed: {u'big_bang_theory_s8e16': False}[Thu, 05 Mar 2015 12:04:39]: Error occurred, trying again[Thu, 05 Mar 2015 12:04:39]: Completed: {u'big_bang_theory_s8e16': False}[Thu, 05 Mar 2015 12:04:40]: Error occurred, trying again[Thu, 05 Mar 2015 12:04:40]: Completed: {u'big_bang_theory_s8e16': False}[Thu, 05 Mar 2015 15:24:13]: file 50_shades_of_grey.mp4 saved with size 489802957